Build started 8/13/2020 4:07:30 PM.
     1>Project "C:\Users\ADMIN\Documents\Visual Studio 2010\Projects\6306021612040\ATM-6306021612040\ATM-6306021612040\ATM-6306021612040.vcxproj" on node 2 (build target(s)).
     1>InitializeBuildStatus:
         Creating "Debug\ATM-6306021612040.unsuccessfulbuild" because "AlwaysCreate" was specified.
       ClCompile:
         C:\Program Files (x86)\Microsoft Visual Studio 10.0\VC\bin\CL.exe /c /ZI /nologo /W3 /WX- /Od /Oy- /D WIN32 /D _DEBUG /D _CONSOLE /D _UNICODE /D UNICODE /Gm /EHsc /RTC1 /MDd /GS /fp:precise /Zc:wchar_t /Zc:forScope /Fo"Debug\\" /Fd"Debug\vc100.pdb" /Gd /TP /analyze- /errorReport:prompt "ATM-63060216120401.cpp"
         ATM-63060216120401.cpp
       ManifestResourceCompile:
         All outputs are up-to-date.
       Link:
         C:\Program Files (x86)\Microsoft Visual Studio 10.0\VC\bin\link.exe /ERRORREPORT:PROMPT /OUT:"C:\Users\ADMIN\Documents\Visual Studio 2010\Projects\6306021612040\ATM-6306021612040\Debug\ATM-6306021612040.exe" /INCREMENTAL /NOLOGO kernel32.lib user32.lib gdi32.lib winspool.lib comdlg32.lib advapi32.lib shell32.lib ole32.lib oleaut32.lib uuid.lib odbc32.lib odbccp32.lib /MANIFEST /ManifestFile:"Debug\ATM-6306021612040.exe.intermediate.manifest" /MANIFESTUAC:"level='asInvoker' uiAccess='false'" /DEBUG /PDB:"C:\Users\ADMIN\Documents\Visual Studio 2010\Projects\6306021612040\ATM-6306021612040\Debug\ATM-6306021612040.pdb" /SUBSYSTEM:CONSOLE /TLBID:1 /DYNAMICBASE /NXCOMPAT /IMPLIB:"C:\Users\ADMIN\Documents\Visual Studio 2010\Projects\6306021612040\ATM-6306021612040\Debug\ATM-6306021612040.lib" /MACHINE:X86 "Debug\ATM-6306021612040.exe.embed.manifest.res"
         "Debug\ATM-63060216120401.obj"
       Manifest:
         C:\Program Files (x86)\Microsoft SDKs\Windows\v7.0A\bin\mt.exe /nologo /verbose /out:"Debug\ATM-6306021612040.exe.embed.manifest" /manifest "Debug\ATM-6306021612040.exe.intermediate.manifest"
         All outputs are up-to-date.
       LinkEmbedManifest:
         All outputs are up-to-date.
         ATM-6306021612040.vcxproj -> C:\Users\ADMIN\Documents\Visual Studio 2010\Projects\6306021612040\ATM-6306021612040\Debug\ATM-6306021612040.exe
       FinalizeBuildStatus:
         Deleting file "Debug\ATM-6306021612040.unsuccessfulbuild".
         Touching "Debug\ATM-6306021612040.lastbuildstate".
     1>Done Building Project "C:\Users\ADMIN\Documents\Visual Studio 2010\Projects\6306021612040\ATM-6306021612040\ATM-6306021612040\ATM-6306021612040.vcxproj" (build target(s)).

Build succeeded.

Time Elapsed 00:00:00.98
