Build started 19/8/2563 15:04:29.
     1>Project "C:\Users\ADMIN\Documents\Visual Studio 2010\Projects\ATM\ATM\ATM.vcxproj" on node 2 (build target(s)).
     1>InitializeBuildStatus:
         Creating "Debug\ATM.unsuccessfulbuild" because "AlwaysCreate" was specified.
       ClCompile:
         C:\Program Files (x86)\Microsoft Visual Studio 10.0\VC\bin\CL.exe /c /ZI /nologo /W3 /WX- /Od /Oy- /D WIN32 /D _DEBUG /D _CONSOLE /D _UNICODE /D UNICODE /Gm /EHsc /RTC1 /MDd /GS /fp:precise /Zc:wchar_t /Zc:forScope /Fo"Debug\\" /Fd"Debug\vc100.pdb" /Gd /TP /analyze- /errorReport:prompt ATM.cpp
         ATM.cpp
     1>c:\users\admin\documents\visual studio 2010\projects\atm\atm\atm.cpp(7): warning C4101: 'Total3' : unreferenced local variable
     1>c:\users\admin\documents\visual studio 2010\projects\atm\atm\atm.cpp(7): warning C4101: 'ShowBalance' : unreferenced local variable
     1>c:\users\admin\documents\visual studio 2010\projects\atm\atm\atm.cpp(64): warning C4700: uninitialized local variable 'Money' used
       ManifestResourceCompile:
         All outputs are up-to-date.
       Link:
         C:\Program Files (x86)\Microsoft Visual Studio 10.0\VC\bin\link.exe /ERRORREPORT:PROMPT /OUT:"C:\Users\ADMIN\Documents\Visual Studio 2010\Projects\ATM\Debug\ATM.exe" /INCREMENTAL /NOLOGO kernel32.lib user32.lib gdi32.lib winspool.lib comdlg32.lib advapi32.lib shell32.lib ole32.lib oleaut32.lib uuid.lib odbc32.lib odbccp32.lib /MANIFEST /ManifestFile:"Debug\ATM.exe.intermediate.manifest" /MANIFESTUAC:"level='asInvoker' uiAccess='false'" /DEBUG /PDB:"C:\Users\ADMIN\Documents\Visual Studio 2010\Projects\ATM\Debug\ATM.pdb" /SUBSYSTEM:CONSOLE /TLBID:1 /DYNAMICBASE /NXCOMPAT /IMPLIB:"C:\Users\ADMIN\Documents\Visual Studio 2010\Projects\ATM\Debug\ATM.lib" /MACHINE:X86 Debug\ATM.exe.embed.manifest.res
         Debug\ATM.obj
       Manifest:
         C:\Program Files (x86)\Microsoft SDKs\Windows\v7.0A\bin\mt.exe /nologo /verbose /out:"Debug\ATM.exe.embed.manifest" /manifest Debug\ATM.exe.intermediate.manifest
         All outputs are up-to-date.
       LinkEmbedManifest:
         All outputs are up-to-date.
         ATM.vcxproj -> C:\Users\ADMIN\Documents\Visual Studio 2010\Projects\ATM\Debug\ATM.exe
       FinalizeBuildStatus:
         Deleting file "Debug\ATM.unsuccessfulbuild".
         Touching "Debug\ATM.lastbuildstate".
     1>Done Building Project "C:\Users\ADMIN\Documents\Visual Studio 2010\Projects\ATM\ATM\ATM.vcxproj" (build target(s)).

Build succeeded.

Time Elapsed 00:00:00.55
